<?xml version="1.0" encoding="UTF-8"?>
<!-- Generated by org.testng.reporters.JUnitReportReporter -->
<testsuite hostname="DESKTOP-8G9TBV4" failures="0" tests="1" name="frames.FrameTest" time="1.624" errors="0" timestamp="23 Mar 2023 23:17:17 GMT" skipped="0">
  <testcase classname="frames.FrameTest" name="testWysiwyg" time="1.624"/>
</testsuite> <!-- frames.FrameTest -->
