<?xml version="1.0" encoding="UTF-8"?>
<!-- Generated by org.testng.reporters.JUnitReportReporter -->
<testsuite hostname="DESKTOP-8G9TBV4" failures="0" tests="1" name="alerts.AlertsTest" time="0.331" errors="0" timestamp="23 Mar 2023 23:17:17 GMT" skipped="0">
  <testcase classname="alerts.AlertsTest" name="testAcceptAlert" time="0.331"/>
</testsuite> <!-- alerts.AlertsTest -->
