<?xml version="1.0" encoding="UTF-8"?>
<!-- Generated by org.testng.reporters.JUnitReportReporter -->
<testsuite hostname="DESKTOP-8G9TBV4" failures="0" tests="1" name="dropdown.DropdownTest" time="0.430" errors="0" timestamp="23 Mar 2023 23:17:17 GMT" skipped="0">
  <testcase classname="dropdown.DropdownTest" name="testSelectOption" time="0.430"/>
</testsuite> <!-- dropdown.DropdownTest -->
