<?xml version="1.0" encoding="UTF-8"?>
<!-- Generated by org.testng.reporters.JUnitReportReporter -->
<testsuite hostname="DESKTOP-8G9TBV4" failures="0" tests="1" name="login.LoginTest" time="0.880" errors="0" timestamp="23 Mar 2023 23:17:17 GMT" skipped="0">
  <testcase classname="login.LoginTest" name="testSucessfullLogin" time="0.880"/>
</testsuite> <!-- login.LoginTest -->
